<?xml version="1.0" encoding="utf-8"?>
<test-run id="2" name="Web.Test.exe" fullname="Y:/dev/community/github/angularandwebapi/src-test/Web.Test/bin/Debug/net46/win7-x64/Web.Test.exe" testcasecount="18" result="Passed" start-time="2016-07-12 13:13:38Z" end-time="2016-07-12 13:13:39Z" duration="1.741886" total="18" passed="18" failed="0" inconclusive="0" skipped="0" asserts="19" random-seed="1282384446">
  <command-line><![CDATA["Y:\dev\community\github\angularandwebapi\src-test\Web.Test\bin\Debug\net46\win7-x64\Web.Test.exe" ]]></command-line>
  <filter />
  <test-suite type="Assembly" id="1023" name="Web.Test.exe" fullname="Y:/dev/community/github/angularandwebapi/src-test/Web.Test/bin/Debug/net46/win7-x64/Web.Test.exe" runstate="Runnable" testcasecount="18" result="Passed" start-time="2016-07-12 13:13:38Z" end-time="2016-07-12 13:13:39Z" duration="1.741886" total="18" passed="18" failed="0" inconclusive="0" skipped="0" asserts="19">
    <environment framework-version="3.2.1.0" clr-version="4.0.30319.42000" os-version="Microsoft Windows NT 6.2.9200.0" platform="Win32NT" cwd="Y:\dev\community\github\angularandwebapi\src-test\Web.Test" machine-name="ADIPA-PC" user="adipa_000" user-domain="ADIPA-PC" culture="en-US" uiculture="en-US" os-architecture="x64" />
    <settings>
      <setting name="WorkDirectory" value="Y:\dev\community\github\angularandwebapi\src-test\Web.Test" />
      <setting name="NumberOfTestWorkers" value="4" />
    </settings>
    <properties>
      <property name="_PID" value="9984" />
      <property name="_APPDOMAIN" value="Web.Test.exe" />
    </properties>
    <test-suite type="TestSuite" id="1024" name="Web" fullname="Web" runstate="Runnable" testcasecount="18" result="Passed" start-time="2016-07-12 13:13:38Z" end-time="2016-07-12 13:13:39Z" duration="1.723610" total="18" passed="18" failed="0" inconclusive="0" skipped="0" asserts="19">
      <test-suite type="TestSuite" id="1025" name="Test" fullname="Web.Test" runstate="Runnable" testcasecount="18" result="Passed" start-time="2016-07-12 13:13:38Z" end-time="2016-07-12 13:13:39Z" duration="1.723039" total="18" passed="18" failed="0" inconclusive="0" skipped="0" asserts="19">
        <test-suite type="TestSuite" id="1027" name="Controllers" fullname="Web.Test.Controllers" runstate="Runnable" testcasecount="8" result="Passed" start-time="2016-07-12 13:13:38Z" end-time="2016-07-12 13:13:38Z" duration="0.780652" total="8" passed="8" failed="0" inconclusive="0" skipped="0" asserts="8">
          <test-suite type="TestFixture" id="1013" name="AccountControllerTest" fullname="Web.Test.Controllers.AccountControllerTest" classname="Web.Test.Controllers.AccountControllerTest" runstate="Runnable" testcasecount="4" result="Passed" start-time="2016-07-12 13:13:38Z" end-time="2016-07-12 13:13:38Z" duration="0.747561" total="4" passed="4" failed="0" inconclusive="0" skipped="0" asserts="4">
            <test-case id="1015" name="GivenFailedRegistration_WhenRegister_ThenReturnBadRequest" fullname="Web.Test.Controllers.AccountControllerTest.GivenFailedRegistration_WhenRegister_ThenReturnBadRequest" methodname="GivenFailedRegistration_WhenRegister_ThenReturnBadRequest" classname="Web.Test.Controllers.AccountControllerTest" runstate="Runnable" seed="1888940438" result="Passed" start-time="2016-07-12 13:13:38Z" end-time="2016-07-12 13:13:38Z" duration="0.711413" asserts="1" />
            <test-case id="1014" name="GivenSuccessRegistration_WhenRegister_ThenReturnOK" fullname="Web.Test.Controllers.AccountControllerTest.GivenSuccessRegistration_WhenRegister_ThenReturnOK" methodname="GivenSuccessRegistration_WhenRegister_ThenReturnOK" classname="Web.Test.Controllers.AccountControllerTest" runstate="Runnable" seed="703520303" result="Passed" start-time="2016-07-12 13:13:38Z" end-time="2016-07-12 13:13:38Z" duration="0.004288" asserts="1" />
            <test-case id="1017" name="GivenUsers_WhenDelete_ThenDelete" fullname="Web.Test.Controllers.AccountControllerTest.GivenUsers_WhenDelete_ThenDelete" methodname="GivenUsers_WhenDelete_ThenDelete" classname="Web.Test.Controllers.AccountControllerTest" runstate="Runnable" seed="1002758134" result="Passed" start-time="2016-07-12 13:13:38Z" end-time="2016-07-12 13:13:38Z" duration="0.005780" asserts="1" />
            <test-case id="1016" name="GivenUsers_WhenList_ThenReturnList" fullname="Web.Test.Controllers.AccountControllerTest.GivenUsers_WhenList_ThenReturnList" methodname="GivenUsers_WhenList_ThenReturnList" classname="Web.Test.Controllers.AccountControllerTest" runstate="Runnable" seed="292299438" result="Passed" start-time="2016-07-12 13:13:38Z" end-time="2016-07-12 13:13:38Z" duration="0.007954" asserts="1" />
          </test-suite>
          <test-suite type="TestFixture" id="1018" name="LogControllerTest" fullname="Web.Test.Controllers.LogControllerTest" classname="Web.Test.Controllers.LogControllerTest" runstate="Runnable" testcasecount="4" result="Passed" start-time="2016-07-12 13:13:38Z" end-time="2016-07-12 13:13:38Z" duration="0.029588" total="4" passed="4" failed="0" inconclusive="0" skipped="0" asserts="4">
            <test-case id="1019" name="GivenLevels_WhenLevels_ThenReturn" fullname="Web.Test.Controllers.LogControllerTest.GivenLevels_WhenLevels_ThenReturn" methodname="GivenLevels_WhenLevels_ThenReturn" classname="Web.Test.Controllers.LogControllerTest" runstate="Runnable" seed="1583111997" result="Passed" start-time="2016-07-12 13:13:38Z" end-time="2016-07-12 13:13:38Z" duration="0.020191" asserts="1" />
            <test-case id="1020" name="GivenLoggers_WhenLoggers_ThenReturn" fullname="Web.Test.Controllers.LogControllerTest.GivenLoggers_WhenLoggers_ThenReturn" methodname="GivenLoggers_WhenLoggers_ThenReturn" classname="Web.Test.Controllers.LogControllerTest" runstate="Runnable" seed="304199382" result="Passed" start-time="2016-07-12 13:13:38Z" end-time="2016-07-12 13:13:38Z" duration="0.002329" asserts="1" />
            <test-case id="1022" name="GivenLogHttp_WhenLogHttp_ThenReturn" fullname="Web.Test.Controllers.LogControllerTest.GivenLogHttp_WhenLogHttp_ThenReturn" methodname="GivenLogHttp_WhenLogHttp_ThenReturn" classname="Web.Test.Controllers.LogControllerTest" runstate="Runnable" seed="1262715352" result="Passed" start-time="2016-07-12 13:13:38Z" end-time="2016-07-12 13:13:38Z" duration="0.002863" asserts="1" />
            <test-case id="1021" name="GivenLogMessages_WhenLogMessages_ThenReturn" fullname="Web.Test.Controllers.LogControllerTest.GivenLogMessages_WhenLogMessages_ThenReturn" methodname="GivenLogMessages_WhenLogMessages_ThenReturn" classname="Web.Test.Controllers.LogControllerTest" runstate="Runnable" seed="1899952087" result="Passed" start-time="2016-07-12 13:13:38Z" end-time="2016-07-12 13:13:38Z" duration="0.002763" asserts="1" />
          </test-suite>
        </test-suite>
        <test-suite type="TestSuite" id="1026" name="Middleware" fullname="Web.Test.Middleware" runstate="Runnable" testcasecount="10" result="Passed" start-time="2016-07-12 13:13:38Z" end-time="2016-07-12 13:13:39Z" duration="1.720608" total="10" passed="10" failed="0" inconclusive="0" skipped="0" asserts="11">
          <test-suite type="TestFixture" id="1000" name="CreateTransactionTest" fullname="Web.Test.Middleware.CreateTransactionTest" classname="Web.Test.Middleware.CreateTransactionTest" runstate="Runnable" testcasecount="3" result="Passed" start-time="2016-07-12 13:13:38Z" end-time="2016-07-12 13:13:39Z" duration="0.768627" total="3" passed="3" failed="0" inconclusive="0" skipped="0" asserts="1">
            <test-case id="1001" name="GivenMiddleware_WhenInvokeGet_NoTransaction" fullname="Web.Test.Middleware.CreateTransactionTest.GivenMiddleware_WhenInvokeGet_NoTransaction" methodname="GivenMiddleware_WhenInvokeGet_NoTransaction" classname="Web.Test.Middleware.CreateTransactionTest" runstate="Runnable" seed="798259755" result="Passed" start-time="2016-07-12 13:13:38Z" end-time="2016-07-12 13:13:39Z" duration="0.652163" asserts="0" />
            <test-case id="1002" name="GivenMiddleware_WhenInvokePost_Transaction" fullname="Web.Test.Middleware.CreateTransactionTest.GivenMiddleware_WhenInvokePost_Transaction" methodname="GivenMiddleware_WhenInvokePost_Transaction" classname="Web.Test.Middleware.CreateTransactionTest" runstate="Runnable" seed="1630670862" result="Passed" start-time="2016-07-12 13:13:39Z" end-time="2016-07-12 13:13:39Z" duration="0.002827" asserts="0" />
            <test-case id="1003" name="GivenMiddleware_WhenInvokePostWithException_TransactionRollback" fullname="Web.Test.Middleware.CreateTransactionTest.GivenMiddleware_WhenInvokePostWithException_TransactionRollback" methodname="GivenMiddleware_WhenInvokePostWithException_TransactionRollback" classname="Web.Test.Middleware.CreateTransactionTest" runstate="Runnable" seed="993609143" result="Passed" start-time="2016-07-12 13:13:39Z" end-time="2016-07-12 13:13:39Z" duration="0.112634" asserts="1" />
          </test-suite>
          <test-suite type="TestFixture" id="1004" name="RequestResponseLogTest" fullname="Web.Test.Middleware.RequestResponseLogTest" classname="Web.Test.Middleware.RequestResponseLogTest" runstate="Runnable" testcasecount="4" result="Passed" start-time="2016-07-12 13:13:39Z" end-time="2016-07-12 13:13:39Z" duration="0.110462" total="4" passed="4" failed="0" inconclusive="0" skipped="0" asserts="7">
            <test-case id="1007" name="GivenMiddleware_WhenInvoke_LogRequest" fullname="Web.Test.Middleware.RequestResponseLogTest.GivenMiddleware_WhenInvoke_LogRequest" methodname="GivenMiddleware_WhenInvoke_LogRequest" classname="Web.Test.Middleware.RequestResponseLogTest" runstate="Runnable" seed="1355097167" result="Passed" start-time="2016-07-12 13:13:39Z" end-time="2016-07-12 13:13:39Z" duration="0.075901" asserts="6" />
            <test-case id="1008" name="GivenMiddleware_WhenInvoke_LogResponse" fullname="Web.Test.Middleware.RequestResponseLogTest.GivenMiddleware_WhenInvoke_LogResponse" methodname="GivenMiddleware_WhenInvoke_LogResponse" classname="Web.Test.Middleware.RequestResponseLogTest" runstate="Runnable" seed="963478164" result="Passed" start-time="2016-07-12 13:13:39Z" end-time="2016-07-12 13:13:39Z" duration="0.003724" asserts="1" />
            <test-case id="1005" name="GivenMiddlewareAndLogNotEnabled_WhenInvoke_NoLogging" fullname="Web.Test.Middleware.RequestResponseLogTest.GivenMiddlewareAndLogNotEnabled_WhenInvoke_NoLogging" methodname="GivenMiddlewareAndLogNotEnabled_WhenInvoke_NoLogging" classname="Web.Test.Middleware.RequestResponseLogTest" runstate="Runnable" seed="458445963" result="Passed" start-time="2016-07-12 13:13:39Z" end-time="2016-07-12 13:13:39Z" duration="0.000819" asserts="0" />
            <test-case id="1006" name="GivenMiddlewareAndLogNotEnabled_WhenInvokeWithException_Log" fullname="Web.Test.Middleware.RequestResponseLogTest.GivenMiddlewareAndLogNotEnabled_WhenInvokeWithException_Log" methodname="GivenMiddlewareAndLogNotEnabled_WhenInvokeWithException_Log" classname="Web.Test.Middleware.RequestResponseLogTest" runstate="Runnable" seed="1323870426" result="Passed" start-time="2016-07-12 13:13:39Z" end-time="2016-07-12 13:13:39Z" duration="0.029418" asserts="0" />
          </test-suite>
          <test-suite type="TestFixture" id="1009" name="ValidateAntiForgeryTokenTest" fullname="Web.Test.Middleware.ValidateAntiForgeryTokenTest" classname="Web.Test.Middleware.ValidateAntiForgeryTokenTest" runstate="Runnable" testcasecount="3" result="Passed" start-time="2016-07-12 13:13:39Z" end-time="2016-07-12 13:13:39Z" duration="0.063097" total="3" passed="3" failed="0" inconclusive="0" skipped="0" asserts="3">
            <test-case id="1010" name="GivenMiddleware_WhenInvokeGet_NoValidation" fullname="Web.Test.Middleware.ValidateAntiForgeryTokenTest.GivenMiddleware_WhenInvokeGet_NoValidation" methodname="GivenMiddleware_WhenInvokeGet_NoValidation" classname="Web.Test.Middleware.ValidateAntiForgeryTokenTest" runstate="Runnable" seed="1272539657" result="Passed" start-time="2016-07-12 13:13:39Z" end-time="2016-07-12 13:13:39Z" duration="0.057447" asserts="1" />
            <test-case id="1012" name="GivenMiddleware_WhenInvokePostWithInValidXSRF_Validation" fullname="Web.Test.Middleware.ValidateAntiForgeryTokenTest.GivenMiddleware_WhenInvokePostWithInValidXSRF_Validation" methodname="GivenMiddleware_WhenInvokePostWithInValidXSRF_Validation" classname="Web.Test.Middleware.ValidateAntiForgeryTokenTest" runstate="Runnable" seed="1620750620" result="Passed" start-time="2016-07-12 13:13:39Z" end-time="2016-07-12 13:13:39Z" duration="0.004402" asserts="1" />
            <test-case id="1011" name="GivenMiddleware_WhenInvokePostWithValidXSRF_Validation" fullname="Web.Test.Middleware.ValidateAntiForgeryTokenTest.GivenMiddleware_WhenInvokePostWithValidXSRF_Validation" methodname="GivenMiddleware_WhenInvokePostWithValidXSRF_Validation" classname="Web.Test.Middleware.ValidateAntiForgeryTokenTest" runstate="Runnable" seed="118089422" result="Passed" start-time="2016-07-12 13:13:39Z" end-time="2016-07-12 13:13:39Z" duration="0.000580" asserts="1" />
          </test-suite>
        </test-suite>
      </test-suite>
    </test-suite>
  </test-suite>
</test-run>